2026-04-27 00:20:41,607 | INFO | StockProducer | Producer started on topic 'warehouse.stock.movements' at 8 movements/sec
2026-04-27 00:20:41,607 | INFO | ReorderConsumer | Consumer started Ś monitoring reorder triggers on partition 0
2026-04-27 00:20:41,607 | INFO | MetricsConsumer | Consumer started Ś aggregating inventory metrics on partition 1
2026-04-27 00:20:41,607 | WARNING | ReorderConsumer | REORDER ALERT | PROD00041 | Qty: 17 < Reorder Point: 25 | Hardware | A03-2
2026-04-27 00:20:41,616 | INFO | AuditConsumer | Consumer started Ś logging movements to data\reports\warehouse_movements_live.jsonl
2026-04-27 00:20:43,125 | WARNING | ReorderConsumer | REORDER ALERT | PROD00008 | Qty: 43 < Reorder Point: 80 | Electronics | A05-4
2026-04-27 00:20:43,508 | WARNING | ReorderConsumer | REORDER ALERT | PROD00145 | Qty: 12 < Reorder Point: 83 | Groceries | A02-4
2026-04-27 00:20:45,018 | WARNING | ReorderConsumer | DAMAGE RECORDED | PROD00057 | Qty: 84 | Value: GHS 21,272.23
2026-04-27 00:20:46,526 | WARNING | ReorderConsumer | REORDER ALERT | PROD00010 | Qty: 34 < Reorder Point: 93 | Automotive | A02-1
2026-04-27 00:20:46,903 | WARNING | ReorderConsumer | REORDER ALERT | PROD00121 | Qty: 1 < Reorder Point: 45 | Automotive | A05-3
2026-04-27 00:20:49,166 | WARNING | ReorderConsumer | REORDER ALERT | PROD00194 | Qty: 26 < Reorder Point: 67 | Groceries | A05-1
2026-04-27 00:20:49,166 | WARNING | ReorderConsumer | DAMAGE RECORDED | PROD00194 | Qty: 16 | Value: GHS 6,723.79
2026-04-27 00:20:57,888 | WARNING | ReorderConsumer | REORDER ALERT | PROD00136 | Qty: 20 < Reorder Point: 47 | Hardware | A04-2
2026-04-27 00:20:58,642 | WARNING | ReorderConsumer | REORDER ALERT | PROD00160 | Qty: 15 < Reorder Point: 94 | Hardware | A03-3
2026-04-27 00:20:59,772 | WARNING | ReorderConsumer | REORDER ALERT | PROD00194 | Qty: 88 < Reorder Point: 95 | Pharmaceuticals | A01-2
2026-04-27 00:21:02,033 | WARNING | ReorderConsumer | REORDER ALERT | PROD00155 | Qty: 4 < Reorder Point: 28 | Groceries | A05-1
2026-04-27 00:21:03,539 | WARNING | ReorderConsumer | DAMAGE RECORDED | PROD00046 | Qty: 100 | Value: GHS 4,424.79
2026-04-27 00:21:09,570 | WARNING | ReorderConsumer | DAMAGE RECORDED | PROD00027 | Qty: 92 | Value: GHS 35,875.62
2026-04-27 00:21:10,700 | WARNING | ReorderConsumer | REORDER ALERT | PROD00096 | Qty: 48 < Reorder Point: 81 | Hardware | A01-1
2026-04-27 00:21:12,586 | WARNING | ReorderConsumer | REORDER ALERT | PROD00072 | Qty: 28 < Reorder Point: 96 | Automotive | A03-1
2026-04-27 00:21:14,848 | WARNING | ReorderConsumer | REORDER ALERT | PROD00057 | Qty: 47 < Reorder Point: 55 | Hardware | A03-1
2026-04-27 00:21:21,342 | WARNING | ReorderConsumer | REORDER ALERT | PROD00184 | Qty: 66 < Reorder Point: 72 | Hardware | A05-2
2026-04-27 00:21:22,472 | WARNING | ReorderConsumer | REORDER ALERT | PROD00113 | Qty: 64 < Reorder Point: 93 | Pharmaceuticals | A02-3
2026-04-27 00:21:24,357 | WARNING | ReorderConsumer | REORDER ALERT | PROD00104 | Qty: 1 < Reorder Point: 17 | Automotive | A04-2
2026-04-27 00:21:26,994 | WARNING | ReorderConsumer | DAMAGE RECORDED | PROD00084 | Qty: 66 | Value: GHS 5,652.00
2026-04-27 00:21:27,747 | WARNING | ReorderConsumer | DAMAGE RECORDED | PROD00189 | Qty: 22 | Value: GHS 2,846.08
2026-04-27 00:21:28,124 | WARNING | ReorderConsumer | REORDER ALERT | PROD00118 | Qty: 21 < Reorder Point: 100 | Clothing | A05-3
2026-04-27 00:21:30,009 | WARNING | ReorderConsumer | REORDER ALERT | PROD00186 | Qty: 4 < Reorder Point: 77 | Hardware | A05-2
2026-04-27 00:21:30,386 | WARNING | ReorderConsumer | REORDER ALERT | PROD00197 | Qty: 37 < Reorder Point: 51 | Automotive | A02-1
2026-04-27 00:21:30,763 | WARNING | ReorderConsumer | REORDER ALERT | PROD00040 | Qty: 4 < Reorder Point: 26 | Hardware | A03-2
2026-04-27 00:21:41,726 | INFO | StockProducer | Producer finished Ś published 477 stock movements
